;  LST file generated by mikroListExporter - v.2.0 
; Date/Time: 03/05/2021 15:17:46
;----------------------------------------------

;Address Opcode 	ASM
0x0000	0xF001EFBD  	GOTO        890
0x0004	0x0000      	NOP
0x0006	0x0000      	NOP
0x0008	0xF000EF00  	GOTO        0
0x000C	0x0000      	NOP
0x000E	0x0000      	NOP
0x0010	0x0000      	NOP
0x0012	0x0000      	NOP
0x0014	0x0000      	NOP
0x0016	0x0000      	NOP
0x0018	0xF001EFC3  	GOTO        902
_Delay_50us:
;__Lib_Delays.c,19 :: 		void Delay_50us() {
;__Lib_Delays.c,20 :: 		Delay_us(50);
0x001C	0x0E53      	MOVLW       83
0x001E	0x6E0D      	MOVWF       R13, 0
L_Delay_50us2:
0x0020	0x2E0D      	DECFSZ      R13, 1, 0
0x0022	0xD7FE      	BRA         L_Delay_50us2
;__Lib_Delays.c,21 :: 		}
L_end_Delay_50us:
0x0024	0x0012      	RETURN      0
; end of _Delay_50us
_Delay_5500us:
;__Lib_Delays.c,31 :: 		void Delay_5500us() {
;__Lib_Delays.c,32 :: 		Delay_us(5500);
0x0026	0x0E24      	MOVLW       36
0x0028	0x6E0C      	MOVWF       R12, 0
0x002A	0x0EB5      	MOVLW       181
0x002C	0x6E0D      	MOVWF       R13, 0
L_Delay_5500us5:
0x002E	0x2E0D      	DECFSZ      R13, 1, 0
0x0030	0xD7FE      	BRA         L_Delay_5500us5
0x0032	0x2E0C      	DECFSZ      R12, 1, 0
0x0034	0xD7FC      	BRA         L_Delay_5500us5
0x0036	0x0000      	NOP
0x0038	0x0000      	NOP
;__Lib_Delays.c,33 :: 		}
L_end_Delay_5500us:
0x003A	0x0012      	RETURN      0
; end of _Delay_5500us
_Delay_1us:
;__Lib_Delays.c,7 :: 		void Delay_1us() {
;__Lib_Delays.c,8 :: 		Delay_us(1);
0x003C	0x0000      	NOP
0x003E	0x0000      	NOP
0x0040	0x0000      	NOP
0x0042	0x0000      	NOP
0x0044	0x0000      	NOP
;__Lib_Delays.c,9 :: 		}
L_end_Delay_1us:
0x0046	0x0012      	RETURN      0
; end of _Delay_1us
_Lcd_Cmd:
;__Lib_Lcd.c,18 :: 		
;__Lib_Lcd.c,20 :: 		
0x0048	0x0100      	MOVLB       0
0x004A	0xBF6B      	BTFSC       FARG_Lcd_Cmd_out_char, 7, 1
0x004C	0xD002      	BRA         L__Lcd_Cmd21
0x004E	0x9A83      	BCF         LCD_D7, BitPos(LCD_D7+0) 
0x0050	0xD001      	BRA         L__Lcd_Cmd22
L__Lcd_Cmd21:
0x0052	0x8A83      	BSF         LCD_D7, BitPos(LCD_D7+0) 
L__Lcd_Cmd22:
;__Lib_Lcd.c,21 :: 		
0x0054	0xBD6B      	BTFSC       FARG_Lcd_Cmd_out_char, 6, 1
0x0056	0xD002      	BRA         L__Lcd_Cmd23
0x0058	0x9883      	BCF         LCD_D6, BitPos(LCD_D6+0) 
0x005A	0xD001      	BRA         L__Lcd_Cmd24
L__Lcd_Cmd23:
0x005C	0x8883      	BSF         LCD_D6, BitPos(LCD_D6+0) 
L__Lcd_Cmd24:
;__Lib_Lcd.c,22 :: 		
0x005E	0xBB6B      	BTFSC       FARG_Lcd_Cmd_out_char, 5, 1
0x0060	0xD002      	BRA         L__Lcd_Cmd25
0x0062	0x9683      	BCF         LCD_D5, BitPos(LCD_D5+0) 
0x0064	0xD001      	BRA         L__Lcd_Cmd26
L__Lcd_Cmd25:
0x0066	0x8683      	BSF         LCD_D5, BitPos(LCD_D5+0) 
L__Lcd_Cmd26:
;__Lib_Lcd.c,23 :: 		
0x0068	0xB96B      	BTFSC       FARG_Lcd_Cmd_out_char, 4, 1
0x006A	0xD002      	BRA         L__Lcd_Cmd27
0x006C	0x9483      	BCF         LCD_D4, BitPos(LCD_D4+0) 
0x006E	0xD001      	BRA         L__Lcd_Cmd28
L__Lcd_Cmd27:
0x0070	0x8483      	BSF         LCD_D4, BitPos(LCD_D4+0) 
L__Lcd_Cmd28:
;__Lib_Lcd.c,25 :: 		
0x0072	0xB163      	BTFSC       __Lib_Lcd_cmd_status, BitPos(__Lib_Lcd_cmd_status+0), 1
0x0074	0xD002      	BRA         L__Lcd_Cmd29
0x0076	0x8083      	BSF         LCD_RS, BitPos(LCD_RS+0) 
0x0078	0xD001      	BRA         L__Lcd_Cmd30
L__Lcd_Cmd29:
0x007A	0x9083      	BCF         LCD_RS, BitPos(LCD_RS+0) 
L__Lcd_Cmd30:
;__Lib_Lcd.c,28 :: 		
0x007C	0x8283      	BSF         LCD_EN, BitPos(LCD_EN+0) 
;__Lib_Lcd.c,29 :: 		
0x007E	0xDFDE      	RCALL       _Delay_1us
;__Lib_Lcd.c,30 :: 		
0x0080	0x9283      	BCF         LCD_EN, BitPos(LCD_EN+0) 
;__Lib_Lcd.c,33 :: 		
0x0082	0xB76B      	BTFSC       FARG_Lcd_Cmd_out_char, 3, 1
0x0084	0xD002      	BRA         L__Lcd_Cmd31
0x0086	0x9A83      	BCF         LCD_D7, BitPos(LCD_D7+0) 
0x0088	0xD001      	BRA         L__Lcd_Cmd32
L__Lcd_Cmd31:
0x008A	0x8A83      	BSF         LCD_D7, BitPos(LCD_D7+0) 
L__Lcd_Cmd32:
;__Lib_Lcd.c,34 :: 		
0x008C	0xB56B      	BTFSC       FARG_Lcd_Cmd_out_char, 2, 1
0x008E	0xD002      	BRA         L__Lcd_Cmd33
0x0090	0x9883      	BCF         LCD_D6, BitPos(LCD_D6+0) 
0x0092	0xD001      	BRA         L__Lcd_Cmd34
L__Lcd_Cmd33:
0x0094	0x8883      	BSF         LCD_D6, BitPos(LCD_D6+0) 
L__Lcd_Cmd34:
;__Lib_Lcd.c,35 :: 		
0x0096	0xB36B      	BTFSC       FARG_Lcd_Cmd_out_char, 1, 1
0x0098	0xD002      	BRA         L__Lcd_Cmd35
0x009A	0x9683      	BCF         LCD_D5, BitPos(LCD_D5+0) 
0x009C	0xD001      	BRA         L__Lcd_Cmd36
L__Lcd_Cmd35:
0x009E	0x8683      	BSF         LCD_D5, BitPos(LCD_D5+0) 
L__Lcd_Cmd36:
;__Lib_Lcd.c,36 :: 		
0x00A0	0xB16B      	BTFSC       FARG_Lcd_Cmd_out_char, 0, 1
0x00A2	0xD002      	BRA         L__Lcd_Cmd37
0x00A4	0x9483      	BCF         LCD_D4, BitPos(LCD_D4+0) 
0x00A6	0xD001      	BRA         L__Lcd_Cmd38
L__Lcd_Cmd37:
0x00A8	0x8483      	BSF         LCD_D4, BitPos(LCD_D4+0) 
L__Lcd_Cmd38:
;__Lib_Lcd.c,38 :: 		
0x00AA	0xB163      	BTFSC       __Lib_Lcd_cmd_status, BitPos(__Lib_Lcd_cmd_status+0), 1
0x00AC	0xD002      	BRA         L__Lcd_Cmd39
0x00AE	0x8083      	BSF         LCD_RS, BitPos(LCD_RS+0) 
0x00B0	0xD001      	BRA         L__Lcd_Cmd40
L__Lcd_Cmd39:
0x00B2	0x9083      	BCF         LCD_RS, BitPos(LCD_RS+0) 
L__Lcd_Cmd40:
;__Lib_Lcd.c,40 :: 		
0x00B4	0x8283      	BSF         LCD_EN, BitPos(LCD_EN+0) 
;__Lib_Lcd.c,41 :: 		
0x00B6	0xDFC2      	RCALL       _Delay_1us
;__Lib_Lcd.c,42 :: 		
0x00B8	0x9283      	BCF         LCD_EN, BitPos(LCD_EN+0) 
;__Lib_Lcd.c,44 :: 		
0x00BA	0xA163      	BTFSS       __Lib_Lcd_cmd_status, BitPos(__Lib_Lcd_cmd_status+0), 1
0x00BC	0xD002      	BRA         L_Lcd_Cmd0
;__Lib_Lcd.c,45 :: 		
0x00BE	0xDFB3      	RCALL       _Delay_5500us
0x00C0	0xD001      	BRA         L_Lcd_Cmd1
L_Lcd_Cmd0:
;__Lib_Lcd.c,47 :: 		
0x00C2	0xDFAC      	RCALL       _Delay_50us
L_Lcd_Cmd1:
;__Lib_Lcd.c,48 :: 		
L_end_Lcd_Cmd:
0x00C4	0x0012      	RETURN      0
; end of _Lcd_Cmd
_Lcd_Chr_CP:
;__Lib_Lcd.c,50 :: 		
;__Lib_Lcd.c,52 :: 		
0x00C6	0x0100      	MOVLB       0
0x00C8	0x9163      	BCF         __Lib_Lcd_cmd_status, BitPos(__Lib_Lcd_cmd_status+0), 1
;__Lib_Lcd.c,53 :: 		
0x00CA	0xF06BC06A  	MOVFF       FARG_Lcd_Chr_CP_out_char, FARG_Lcd_Cmd_out_char
0x00CE	0xDFBC      	RCALL       _Lcd_Cmd
;__Lib_Lcd.c,54 :: 		
0x00D0	0x8163      	BSF         __Lib_Lcd_cmd_status, BitPos(__Lib_Lcd_cmd_status+0), 1
;__Lib_Lcd.c,55 :: 		
L_end_Lcd_Chr_CP:
0x00D2	0x0012      	RETURN      0
; end of _Lcd_Chr_CP
_Mul_16X16_U:
;__Lib_Math.c,440 :: 		
;__Lib_Math.c,447 :: 		
0x00D4	0x6A0B      	CLRF        R11, 0
;__Lib_Math.c,448 :: 		
0x00D6	0x6A0A      	CLRF        R10, 0
;__Lib_Math.c,449 :: 		
0x00D8	0x6A09      	CLRF        R9, 0
;__Lib_Math.c,450 :: 		
0x00DA	0x5000      	MOVF        R0, 0, 0
;__Lib_Math.c,451 :: 		
0x00DC	0x0204      	MULWF       R4, 0
;__Lib_Math.c,453 :: 		
0x00DE	0xF009CFF4  	MOVFF       PRODH, R9
;__Lib_Math.c,454 :: 		
0x00E2	0xF008CFF3  	MOVFF       PRODL, R8
;__Lib_Math.c,455 :: 		
0x00E6	0x5001      	MOVF        R1, 0, 0
;__Lib_Math.c,456 :: 		
0x00E8	0x0205      	MULWF       R5, 0
;__Lib_Math.c,458 :: 		
0x00EA	0xF00BCFF4  	MOVFF       PRODH, R11
;__Lib_Math.c,459 :: 		
0x00EE	0xF00ACFF3  	MOVFF       PRODL, R10
;__Lib_Math.c,460 :: 		
0x00F2	0x5000      	MOVF        R0, 0, 0
;__Lib_Math.c,461 :: 		
0x00F4	0x0205      	MULWF       R5, 0
;__Lib_Math.c,463 :: 		
0x00F6	0x50F3      	MOVF        PRODL, 0, 0
;__Lib_Math.c,464 :: 		
0x00F8	0x2609      	ADDWF       R9, 1, 0
;__Lib_Math.c,465 :: 		
0x00FA	0x50F4      	MOVF        PRODH, 0, 0
;__Lib_Math.c,466 :: 		
0x00FC	0x220A      	ADDWFC      R10, 1, 0
;__Lib_Math.c,467 :: 		
0x00FE	0x6AE8      	CLRF        WREG, 0
;__Lib_Math.c,468 :: 		
0x0100	0x220B      	ADDWFC      R11, 1, 0
;__Lib_Math.c,469 :: 		
0x0102	0x5001      	MOVF        R1, 0, 0
;__Lib_Math.c,470 :: 		
0x0104	0x0204      	MULWF       R4, 0
;__Lib_Math.c,472 :: 		
0x0106	0x50F3      	MOVF        PRODL, 0, 0
;__Lib_Math.c,473 :: 		
0x0108	0x2609      	ADDWF       R9, 1, 0
;__Lib_Math.c,474 :: 		
0x010A	0x50F4      	MOVF        PRODH, 0, 0
;__Lib_Math.c,475 :: 		
0x010C	0x220A      	ADDWFC      R10, 1, 0
;__Lib_Math.c,476 :: 		
0x010E	0x6AE8      	CLRF        WREG, 0
;__Lib_Math.c,477 :: 		
0x0110	0x220B      	ADDWFC      R11, 1, 0
;__Lib_Math.c,479 :: 		
0x0112	0xF000C008  	MOVFF       R8, R0
;__Lib_Math.c,480 :: 		
0x0116	0xF001C009  	MOVFF       R9, R1
;__Lib_Math.c,481 :: 		
0x011A	0xF002C00A  	MOVFF       R10, R2
;__Lib_Math.c,482 :: 		
0x011E	0xF003C00B  	MOVFF       R11, R3
;__Lib_Math.c,485 :: 		
L_end_Mul_16X16_U:
0x0122	0x0012      	RETURN      0
; end of _Mul_16X16_U
_Lcd_Out:
;__Lib_Lcd.c,184 :: 		
;__Lib_Lcd.c,187 :: 		
0x0124	0xD010      	BRA         L_Lcd_Out11
;__Lib_Lcd.c,188 :: 		
L_Lcd_Out13:
0x0126	0x0E80      	MOVLW       128
0x0128	0x0100      	MOVLB       0
0x012A	0x6F65      	MOVWF       FARG_Lcd_Out_row, 1
0x012C	0xD01A      	BRA         L_Lcd_Out12
;__Lib_Lcd.c,189 :: 		
L_Lcd_Out14:
0x012E	0x0EC0      	MOVLW       192
0x0130	0x6F65      	MOVWF       FARG_Lcd_Out_row, 1
0x0132	0xD017      	BRA         L_Lcd_Out12
;__Lib_Lcd.c,190 :: 		
L_Lcd_Out15:
0x0134	0x0E94      	MOVLW       148
0x0136	0x6F65      	MOVWF       FARG_Lcd_Out_row, 1
0x0138	0xD014      	BRA         L_Lcd_Out12
;__Lib_Lcd.c,191 :: 		
L_Lcd_Out16:
0x013A	0x0ED4      	MOVLW       212
0x013C	0x6F65      	MOVWF       FARG_Lcd_Out_row, 1
0x013E	0xD011      	BRA         L_Lcd_Out12
;__Lib_Lcd.c,192 :: 		
L_Lcd_Out17:
0x0140	0x0E80      	MOVLW       128
0x0142	0x6F65      	MOVWF       FARG_Lcd_Out_row, 1
;__Lib_Lcd.c,193 :: 		
0x0144	0xD00E      	BRA         L_Lcd_Out12
L_Lcd_Out11:
0x0146	0x0100      	MOVLB       0
0x0148	0x5165      	MOVF        FARG_Lcd_Out_row, 0, 1
0x014A	0x0A01      	XORLW       1
0x014C	0xE0EC      	BZ          L_Lcd_Out13
0x014E	0x5165      	MOVF        FARG_Lcd_Out_row, 0, 1
0x0150	0x0A02      	XORLW       2
0x0152	0xE0ED      	BZ          L_Lcd_Out14
0x0154	0x5165      	MOVF        FARG_Lcd_Out_row, 0, 1
0x0156	0x0A03      	XORLW       3
0x0158	0xE0ED      	BZ          L_Lcd_Out15
0x015A	0x5165      	MOVF        FARG_Lcd_Out_row, 0, 1
0x015C	0x0A04      	XORLW       4
0x015E	0xE0ED      	BZ          L_Lcd_Out16
0x0160	0xD7EF      	BRA         L_Lcd_Out17
L_Lcd_Out12:
;__Lib_Lcd.c,194 :: 		
0x0162	0x0566      	DECF        FARG_Lcd_Out_column, 0, 1
0x0164	0x6E00      	MOVWF       R0 
0x0166	0x5165      	MOVF        FARG_Lcd_Out_row, 0, 1
0x0168	0x2600      	ADDWF       R0, 1 
0x016A	0xF065C000  	MOVFF       R0, FARG_Lcd_Out_row
;__Lib_Lcd.c,196 :: 		
0x016E	0xF06BC000  	MOVFF       R0, FARG_Lcd_Cmd_out_char
0x0172	0xDF6A      	RCALL       _Lcd_Cmd
;__Lib_Lcd.c,197 :: 		
0x0174	0x9163      	BCF         __Lib_Lcd_cmd_status, BitPos(__Lib_Lcd_cmd_status+0), 1
;__Lib_Lcd.c,198 :: 		
0x0176	0x6B69      	CLRF        Lcd_Out_i_L0, 1
;__Lib_Lcd.c,199 :: 		
L_Lcd_Out18:
0x0178	0x5169      	MOVF        Lcd_Out_i_L0, 0, 1
0x017A	0x2567      	ADDWF       FARG_Lcd_Out_text, 0, 1
0x017C	0x6EE9      	MOVWF       FSR0L 
0x017E	0x0E00      	MOVLW       0
0x0180	0x2168      	ADDWFC      FARG_Lcd_Out_text+1, 0, 1
0x0182	0x6EEA      	MOVWF       FSR0L+1 
0x0184	0x52EE      	MOVF        POSTINC0, 1 
0x0186	0xE00B      	BZ          L_Lcd_Out19
;__Lib_Lcd.c,200 :: 		
0x0188	0x5169      	MOVF        Lcd_Out_i_L0, 0, 1
0x018A	0x2567      	ADDWF       FARG_Lcd_Out_text, 0, 1
0x018C	0x6EE9      	MOVWF       FSR0L 
0x018E	0x0E00      	MOVLW       0
0x0190	0x2168      	ADDWFC      FARG_Lcd_Out_text+1, 0, 1
0x0192	0x6EEA      	MOVWF       FSR0L+1 
0x0194	0xF06ACFEE  	MOVFF       POSTINC0, FARG_Lcd_Chr_CP_out_char
0x0198	0xDF96      	RCALL       _Lcd_Chr_CP
0x019A	0x2B69      	INCF        Lcd_Out_i_L0, 1, 1
0x019C	0xD7ED      	BRA         L_Lcd_Out18
L_Lcd_Out19:
;__Lib_Lcd.c,201 :: 		
0x019E	0x8163      	BSF         __Lib_Lcd_cmd_status, BitPos(__Lib_Lcd_cmd_status+0), 1
;__Lib_Lcd.c,202 :: 		
L_end_Lcd_Out:
0x01A0	0x0012      	RETURN      0
; end of _Lcd_Out
_showMainMenu:
;viewMenu.c,12 :: 		void showMainMenu(unsigned short valueReceive){
;viewMenu.c,13 :: 		Lcd_Out(1,1,"->MONTADORAS");
0x01A2	0x0E01      	MOVLW       1
0x01A4	0x0100      	MOVLB       0
0x01A6	0x6F65      	MOVWF       FARG_Lcd_Out_row, 1
0x01A8	0x0E01      	MOVLW       1
0x01AA	0x6F66      	MOVWF       FARG_Lcd_Out_column, 1
0x01AC	0x0E18      	MOVLW       ?lstr1_viewMenu
0x01AE	0x6F67      	MOVWF       FARG_Lcd_Out_text, 1
0x01B0	0x0E00      	MOVLW       hi_addr(?lstr1_viewMenu)
0x01B2	0x6F68      	MOVWF       FARG_Lcd_Out_text+1, 1
0x01B4	0xDFB7      	RCALL       _Lcd_Out
;viewMenu.c,14 :: 		Lcd_Out(2,2,montadoras[valueReceive]);
0x01B6	0x0E02      	MOVLW       2
0x01B8	0x6F65      	MOVWF       FARG_Lcd_Out_row, 1
0x01BA	0x0E02      	MOVLW       2
0x01BC	0x6F66      	MOVWF       FARG_Lcd_Out_column, 1
0x01BE	0x0E14      	MOVLW       20
0x01C0	0x6E00      	MOVWF       R0 
0x01C2	0x0E00      	MOVLW       0
0x01C4	0x6E01      	MOVWF       R1 
0x01C6	0xF004C064  	MOVFF       FARG_showMainMenu_valueReceive, R4
0x01CA	0x0E00      	MOVLW       0
0x01CC	0x6E05      	MOVWF       R5 
0x01CE	0xDF82      	RCALL       _Mul_16X16_U
0x01D0	0x0E25      	MOVLW       _montadoras
0x01D2	0x2400      	ADDWF       R0, 0 
0x01D4	0x6F67      	MOVWF       FARG_Lcd_Out_text, 1
0x01D6	0x0E00      	MOVLW       hi_addr(_montadoras)
0x01D8	0x2001      	ADDWFC      R1, 0 
0x01DA	0x6F68      	MOVWF       FARG_Lcd_Out_text+1, 1
0x01DC	0xDFA3      	RCALL       _Lcd_Out
;viewMenu.c,15 :: 		}
L_end_showMainMenu:
0x01DE	0x0012      	RETURN      0
; end of _showMainMenu
_cleanBtnOk:
;button.c,82 :: 		void cleanBtnOk(void){
;button.c,83 :: 		flagsButton.flagOk = 0;
0x01E0	0x0100      	MOVLB       0
0x01E2	0x9762      	BCF         _flagsButton, 3, 1
;button.c,84 :: 		}
L_end_cleanBtnOk:
0x01E4	0x0012      	RETURN      0
; end of _cleanBtnOk
_cleanBtnBack:
;button.c,86 :: 		void cleanBtnBack(void){
;button.c,87 :: 		flagsButton.flagBack = 0;
0x01E6	0x0100      	MOVLB       0
0x01E8	0x9162      	BCF         _flagsButton, 0, 1
;button.c,88 :: 		}
L_end_cleanBtnBack:
0x01EA	0x0012      	RETURN      0
; end of _cleanBtnBack
_okBtnPress:
;button.c,76 :: 		bool okBtnPress(void){
;button.c,77 :: 		if(flagsButton.flagOk)
0x01EC	0x0100      	MOVLB       0
0x01EE	0xA762      	BTFSS       _flagsButton, 3, 1
0x01F0	0xD003      	BRA         L_okBtnPress27
;button.c,78 :: 		return true;
0x01F2	0x0E01      	MOVLW       1
0x01F4	0x6E00      	MOVWF       R0 
0x01F6	0xD001      	BRA         L_end_okBtnPress
L_okBtnPress27:
;button.c,79 :: 		return false;
0x01F8	0x6A00      	CLRF        R0 
;button.c,80 :: 		}
L_end_okBtnPress:
0x01FA	0x0012      	RETURN      0
; end of _okBtnPress
_Lcd_Init:
;__Lib_Lcd.c,84 :: 		
;__Lib_Lcd.c,86 :: 		
0x01FC	0x9295      	BCF         LCD_EN_Direction, BitPos(LCD_EN_Direction+0) 
;__Lib_Lcd.c,87 :: 		
0x01FE	0x9095      	BCF         LCD_RS_Direction, BitPos(LCD_RS_Direction+0) 
;__Lib_Lcd.c,88 :: 		
0x0200	0x9495      	BCF         LCD_D4_Direction, BitPos(LCD_D4_Direction+0) 
;__Lib_Lcd.c,89 :: 		
0x0202	0x9695      	BCF         LCD_D5_Direction, BitPos(LCD_D5_Direction+0) 
;__Lib_Lcd.c,90 :: 		
0x0204	0x9895      	BCF         LCD_D6_Direction, BitPos(LCD_D6_Direction+0) 
;__Lib_Lcd.c,91 :: 		
0x0206	0x9A95      	BCF         LCD_D7_Direction, BitPos(LCD_D7_Direction+0) 
;__Lib_Lcd.c,93 :: 		
0x0208	0x9283      	BCF         LCD_EN, BitPos(LCD_EN+0) 
;__Lib_Lcd.c,94 :: 		
0x020A	0x9083      	BCF         LCD_RS, BitPos(LCD_RS+0) 
;__Lib_Lcd.c,95 :: 		
0x020C	0x9A83      	BCF         LCD_D7, BitPos(LCD_D7+0) 
;__Lib_Lcd.c,96 :: 		
0x020E	0x9883      	BCF         LCD_D6, BitPos(LCD_D6+0) 
;__Lib_Lcd.c,97 :: 		
0x0210	0x9683      	BCF         LCD_D5, BitPos(LCD_D5+0) 
;__Lib_Lcd.c,98 :: 		
0x0212	0x9483      	BCF         LCD_D4, BitPos(LCD_D4+0) 
;__Lib_Lcd.c,100 :: 		
0x0214	0xDF08      	RCALL       _Delay_5500us
;__Lib_Lcd.c,101 :: 		
0x0216	0xDF07      	RCALL       _Delay_5500us
;__Lib_Lcd.c,102 :: 		
0x0218	0xDF06      	RCALL       _Delay_5500us
;__Lib_Lcd.c,105 :: 		
0x021A	0x8683      	BSF         LCD_D5, BitPos(LCD_D5+0) 
;__Lib_Lcd.c,106 :: 		
0x021C	0x8483      	BSF         LCD_D4, BitPos(LCD_D4+0) 
;__Lib_Lcd.c,107 :: 		
0x021E	0x8283      	BSF         LCD_EN, BitPos(LCD_EN+0) 
;__Lib_Lcd.c,108 :: 		
0x0220	0xDF0D      	RCALL       _Delay_1us
;__Lib_Lcd.c,109 :: 		
0x0222	0x9283      	BCF         LCD_EN, BitPos(LCD_EN+0) 
;__Lib_Lcd.c,110 :: 		
0x0224	0xDF00      	RCALL       _Delay_5500us
;__Lib_Lcd.c,112 :: 		
0x0226	0x8283      	BSF         LCD_EN, BitPos(LCD_EN+0) 
;__Lib_Lcd.c,113 :: 		
0x0228	0xDF09      	RCALL       _Delay_1us
;__Lib_Lcd.c,114 :: 		
0x022A	0x9283      	BCF         LCD_EN, BitPos(LCD_EN+0) 
;__Lib_Lcd.c,115 :: 		
0x022C	0xDEFC      	RCALL       _Delay_5500us
;__Lib_Lcd.c,117 :: 		
0x022E	0x8283      	BSF         LCD_EN, BitPos(LCD_EN+0) 
;__Lib_Lcd.c,118 :: 		
0x0230	0xDF05      	RCALL       _Delay_1us
;__Lib_Lcd.c,119 :: 		
0x0232	0x9283      	BCF         LCD_EN, BitPos(LCD_EN+0) 
;__Lib_Lcd.c,120 :: 		
0x0234	0xDEF8      	RCALL       _Delay_5500us
;__Lib_Lcd.c,123 :: 		
0x0236	0x9483      	BCF         LCD_D4, BitPos(LCD_D4+0) 
;__Lib_Lcd.c,124 :: 		
0x0238	0x8283      	BSF         LCD_EN, BitPos(LCD_EN+0) 
;__Lib_Lcd.c,125 :: 		
0x023A	0xDF00      	RCALL       _Delay_1us
;__Lib_Lcd.c,126 :: 		
0x023C	0x9283      	BCF         LCD_EN, BitPos(LCD_EN+0) 
;__Lib_Lcd.c,127 :: 		
0x023E	0xDEF3      	RCALL       _Delay_5500us
;__Lib_Lcd.c,130 :: 		
0x0240	0x8283      	BSF         LCD_EN, BitPos(LCD_EN+0) 
;__Lib_Lcd.c,131 :: 		
0x0242	0xDEFC      	RCALL       _Delay_1us
;__Lib_Lcd.c,132 :: 		
0x0244	0x9283      	BCF         LCD_EN, BitPos(LCD_EN+0) 
;__Lib_Lcd.c,134 :: 		
0x0246	0x9683      	BCF         LCD_D5, BitPos(LCD_D5+0) 
;__Lib_Lcd.c,135 :: 		
0x0248	0x8A83      	BSF         LCD_D7, BitPos(LCD_D7+0) 
;__Lib_Lcd.c,136 :: 		
0x024A	0x8283      	BSF         LCD_EN, BitPos(LCD_EN+0) 
;__Lib_Lcd.c,137 :: 		
0x024C	0xDEF7      	RCALL       _Delay_1us
;__Lib_Lcd.c,138 :: 		
0x024E	0x9283      	BCF         LCD_EN, BitPos(LCD_EN+0) 
;__Lib_Lcd.c,139 :: 		
0x0250	0xDEEA      	RCALL       _Delay_5500us
;__Lib_Lcd.c,142 :: 		
0x0252	0x9A83      	BCF         LCD_D7, BitPos(LCD_D7+0) 
;__Lib_Lcd.c,143 :: 		
0x0254	0x8483      	BSF         LCD_D4, BitPos(LCD_D4+0) 
;__Lib_Lcd.c,144 :: 		
0x0256	0x8283      	BSF         LCD_EN, BitPos(LCD_EN+0) 
;__Lib_Lcd.c,145 :: 		
0x0258	0xDEF1      	RCALL       _Delay_1us
;__Lib_Lcd.c,146 :: 		
0x025A	0x9283      	BCF         LCD_EN, BitPos(LCD_EN+0) 
;__Lib_Lcd.c,148 :: 		
0x025C	0x9483      	BCF         LCD_D4, BitPos(LCD_D4+0) 
;__Lib_Lcd.c,149 :: 		
0x025E	0x8283      	BSF         LCD_EN, BitPos(LCD_EN+0) 
;__Lib_Lcd.c,150 :: 		
0x0260	0xDEED      	RCALL       _Delay_1us
;__Lib_Lcd.c,151 :: 		
0x0262	0x9283      	BCF         LCD_EN, BitPos(LCD_EN+0) 
;__Lib_Lcd.c,152 :: 		
0x0264	0xDEE0      	RCALL       _Delay_5500us
;__Lib_Lcd.c,155 :: 		
0x0266	0x8283      	BSF         LCD_EN, BitPos(LCD_EN+0) 
;__Lib_Lcd.c,156 :: 		
0x0268	0xDEE9      	RCALL       _Delay_1us
;__Lib_Lcd.c,157 :: 		
0x026A	0x9283      	BCF         LCD_EN, BitPos(LCD_EN+0) 
;__Lib_Lcd.c,159 :: 		
0x026C	0x8483      	BSF         LCD_D4, BitPos(LCD_D4+0) 
;__Lib_Lcd.c,160 :: 		
0x026E	0x8283      	BSF         LCD_EN, BitPos(LCD_EN+0) 
;__Lib_Lcd.c,161 :: 		
0x0270	0xDEE5      	RCALL       _Delay_1us
;__Lib_Lcd.c,162 :: 		
0x0272	0x9283      	BCF         LCD_EN, BitPos(LCD_EN+0) 
;__Lib_Lcd.c,163 :: 		
0x0274	0xDED8      	RCALL       _Delay_5500us
;__Lib_Lcd.c,166 :: 		
0x0276	0x9483      	BCF         LCD_D4, BitPos(LCD_D4+0) 
;__Lib_Lcd.c,167 :: 		
0x0278	0x8283      	BSF         LCD_EN, BitPos(LCD_EN+0) 
;__Lib_Lcd.c,168 :: 		
0x027A	0xDEE0      	RCALL       _Delay_1us
;__Lib_Lcd.c,169 :: 		
0x027C	0x9283      	BCF         LCD_EN, BitPos(LCD_EN+0) 
;__Lib_Lcd.c,171 :: 		
0x027E	0x8A83      	BSF         LCD_D7, BitPos(LCD_D7+0) 
;__Lib_Lcd.c,172 :: 		
0x0280	0x8883      	BSF         LCD_D6, BitPos(LCD_D6+0) 
;__Lib_Lcd.c,173 :: 		
0x0282	0x8683      	BSF         LCD_D5, BitPos(LCD_D5+0) 
;__Lib_Lcd.c,174 :: 		
0x0284	0x8483      	BSF         LCD_D4, BitPos(LCD_D4+0) 
;__Lib_Lcd.c,175 :: 		
0x0286	0x8283      	BSF         LCD_EN, BitPos(LCD_EN+0) 
;__Lib_Lcd.c,176 :: 		
0x0288	0xDED9      	RCALL       _Delay_1us
;__Lib_Lcd.c,177 :: 		
0x028A	0x9283      	BCF         LCD_EN, BitPos(LCD_EN+0) 
;__Lib_Lcd.c,179 :: 		
0x028C	0xDECC      	RCALL       _Delay_5500us
;__Lib_Lcd.c,181 :: 		
0x028E	0x0100      	MOVLB       0
0x0290	0x8163      	BSF         __Lib_Lcd_cmd_status, BitPos(__Lib_Lcd_cmd_status+0), 1
;__Lib_Lcd.c,182 :: 		
L_end_Lcd_Init:
0x0292	0x0012      	RETURN      0
; end of _Lcd_Init
_configTMR0:
;button.c,52 :: 		void configTMR0(void){
;button.c,53 :: 		T0CON         = 0x88;  //config TMR0 interrupt by 4ms
0x0294	0x0E88      	MOVLW       136
0x0296	0x6ED5      	MOVWF       T0CON 
;button.c,55 :: 		TMR0H         = 0xB1;
0x0298	0x0EB1      	MOVLW       177
0x029A	0x6ED7      	MOVWF       TMR0H 
;button.c,56 :: 		TMR0L         = 0xE0;
0x029C	0x0EE0      	MOVLW       224
0x029E	0x6ED6      	MOVWF       TMR0L 
;button.c,57 :: 		if(!GIEL_bit)GIEL_bit = 1;
0x02A0	0xACF2      	BTFSS       GIEL_bit, BitPos(GIEL_bit+0) 
0x02A2	0x8CF2      	BSF         GIEL_bit, BitPos(GIEL_bit+0) 
L_configTMR024:
;button.c,58 :: 		if(!IPEN_bit) IPEN_bit = 1;
0x02A4	0xAED0      	BTFSS       IPEN_bit, BitPos(IPEN_bit+0) 
0x02A6	0x8ED0      	BSF         IPEN_bit, BitPos(IPEN_bit+0) 
L_configTMR025:
;button.c,60 :: 		TMR0IE_bit         = 1;
0x02A8	0x8AF2      	BSF         TMR0IE_bit, BitPos(TMR0IE_bit+0) 
;button.c,61 :: 		TMR0IF_bit   = 0;
0x02AA	0x94F2      	BCF         TMR0IF_bit, BitPos(TMR0IF_bit+0) 
;button.c,62 :: 		}
L_end_configTMR0:
0x02AC	0x0012      	RETURN      0
; end of _configTMR0
_getSelectValue:
;button.c,90 :: 		unsigned short getSelectValue(void){
;button.c,91 :: 		return valueButton;
0x02AE	0xF000C061  	MOVFF       _valueButton, R0
;button.c,92 :: 		}
L_end_getSelectValue:
0x02B2	0x0012      	RETURN      0
; end of _getSelectValue
_configButton:
;button.c,45 :: 		void configButton(void){
;button.c,46 :: 		TRIS_buttonBack = 1;
0x02B4	0x8893      	BSF         TRIS_buttonBack, BitPos(TRIS_buttonBack+0) 
;button.c,47 :: 		TRIS_buttonLeft = 1;
0x02B6	0x8A93      	BSF         TRIS_buttonLeft, BitPos(TRIS_buttonLeft+0) 
;button.c,48 :: 		TRIS_buttonRight = 1;
0x02B8	0x8C93      	BSF         TRIS_buttonRight, BitPos(TRIS_buttonRight+0) 
;button.c,49 :: 		TRIS_buttonOK = 1;
0x02BA	0x8E93      	BSF         TRIS_buttonOK, BitPos(TRIS_buttonOK+0) 
;button.c,50 :: 		}
L_end_configButton:
0x02BC	0x0012      	RETURN      0
; end of _configButton
_backBtnPress:
;button.c,70 :: 		bool backBtnPress(void){
;button.c,71 :: 		if(flagsButton.flagBack)
0x02BE	0x0100      	MOVLB       0
0x02C0	0xA162      	BTFSS       _flagsButton, 0, 1
0x02C2	0xD003      	BRA         L_backBtnPress26
;button.c,72 :: 		return true;
0x02C4	0x0E01      	MOVLW       1
0x02C6	0x6E00      	MOVWF       R0 
0x02C8	0xD001      	BRA         L_end_backBtnPress
L_backBtnPress26:
;button.c,73 :: 		return false;
0x02CA	0x6A00      	CLRF        R0 
;button.c,74 :: 		}
L_end_backBtnPress:
0x02CC	0x0012      	RETURN      0
; end of _backBtnPress
_resetTMR0:
;button.c,64 :: 		void resetTMR0(void){
;button.c,65 :: 		TMR0H         = 0xB1;
0x02CE	0x0EB1      	MOVLW       177
0x02D0	0x6ED7      	MOVWF       TMR0H 
;button.c,66 :: 		TMR0L         = 0xE0;
0x02D2	0x0EE0      	MOVLW       224
0x02D4	0x6ED6      	MOVWF       TMR0L 
;button.c,67 :: 		TMR0IF_bit   = 0;
0x02D6	0x94F2      	BCF         TMR0IF_bit, BitPos(TMR0IF_bit+0) 
;button.c,68 :: 		}
L_end_resetTMR0:
0x02D8	0x0012      	RETURN      0
; end of _resetTMR0
_testButton:
;button.c,22 :: 		void testButton(void){
;button.c,23 :: 		if(!flagsButton.flagBack    && buttonBack)  flagsButton.flagBack = 1;
0x02DA	0x0100      	MOVLB       0
0x02DC	0xB162      	BTFSC       _flagsButton, 0, 1
0x02DE	0xD002      	BRA         L_testButton2
0x02E0	0xB881      	BTFSC       buttonBack, BitPos(buttonBack+0) 
L__testButton35:
0x02E2	0x8162      	BSF         _flagsButton, 0, 1
L_testButton2:
;button.c,24 :: 		if(!flagsButton.flagLeft    && buttonLeft)  flagsButton.flagLeft = 1;
0x02E4	0xB362      	BTFSC       _flagsButton, 1, 1
0x02E6	0xD002      	BRA         L_testButton5
0x02E8	0xBA81      	BTFSC       buttonLeft, BitPos(buttonLeft+0) 
L__testButton34:
0x02EA	0x8362      	BSF         _flagsButton, 1, 1
L_testButton5:
;button.c,25 :: 		if(!flagsButton.flagRight   && buttonRight) flagsButton.flagRight = 1;
0x02EC	0xB562      	BTFSC       _flagsButton, 2, 1
0x02EE	0xD002      	BRA         L_testButton8
0x02F0	0xBC81      	BTFSC       buttonRight, BitPos(buttonRight+0) 
L__testButton33:
0x02F2	0x8562      	BSF         _flagsButton, 2, 1
L_testButton8:
;button.c,26 :: 		if(!flagsButton.flagOk      && buttonOK)    flagsButton.flagOk = 1;
0x02F4	0xB762      	BTFSC       _flagsButton, 3, 1
0x02F6	0xD002      	BRA         L_testButton11
0x02F8	0xBE81      	BTFSC       buttonOK, BitPos(buttonOK+0) 
L__testButton32:
0x02FA	0x8762      	BSF         _flagsButton, 3, 1
L_testButton11:
;button.c,28 :: 		if(flagsButton.flagBack    && !buttonBack){
0x02FC	0xA162      	BTFSS       _flagsButton, 0, 1
0x02FE	0xD002      	BRA         L_testButton14
0x0300	0xA881      	BTFSS       buttonBack, BitPos(buttonBack+0) 
L__testButton31:
;button.c,29 :: 		flagsButton.flagBack = 0;
0x0302	0x9162      	BCF         _flagsButton, 0, 1
;button.c,30 :: 		}
L_testButton14:
;button.c,32 :: 		if(flagsButton.flagLeft    && !buttonLeft){
0x0304	0xA362      	BTFSS       _flagsButton, 1, 1
0x0306	0xD002      	BRA         L_testButton17
0x0308	0xAA81      	BTFSS       buttonLeft, BitPos(buttonLeft+0) 
L__testButton30:
;button.c,33 :: 		flagsButton.flagLeft = 0;
0x030A	0x9362      	BCF         _flagsButton, 1, 1
;button.c,34 :: 		}
L_testButton17:
;button.c,36 :: 		if(flagsButton.flagRight   && !buttonRight){
0x030C	0xA562      	BTFSS       _flagsButton, 2, 1
0x030E	0xD002      	BRA         L_testButton20
0x0310	0xAC81      	BTFSS       buttonRight, BitPos(buttonRight+0) 
L__testButton29:
;button.c,37 :: 		flagsButton.flagRight = 0;
0x0312	0x9562      	BCF         _flagsButton, 2, 1
;button.c,38 :: 		}
L_testButton20:
;button.c,40 :: 		if(flagsButton.flagOk      && !buttonOK){
0x0314	0xA762      	BTFSS       _flagsButton, 3, 1
0x0316	0xD002      	BRA         L_testButton23
0x0318	0xAE81      	BTFSS       buttonOK, BitPos(buttonOK+0) 
L__testButton28:
;button.c,41 :: 		flagsButton.flagOk = 0;
0x031A	0x9762      	BCF         _flagsButton, 3, 1
;button.c,42 :: 		}
L_testButton23:
;button.c,43 :: 		}
L_end_testButton:
0x031C	0x0012      	RETURN      0
; end of _testButton
_InitializeSystem:
;main.c,35 :: 		void InitializeSystem(void){
;main.c,36 :: 		TRISA = 0b00000000;
0x031E	0x6A92      	CLRF        TRISA 
;main.c,37 :: 		TRISB = 0b00000000;
0x0320	0x6A93      	CLRF        TRISB 
;main.c,39 :: 		Lcd_Init();
0x0322	0xDF6C      	RCALL       _Lcd_Init
;main.c,40 :: 		configTMR0();
0x0324	0xDFB7      	RCALL       _configTMR0
;main.c,41 :: 		configButton();
0x0326	0xDFC6      	RCALL       _configButton
;main.c,42 :: 		}
L_end_InitializeSystem:
0x0328	0x0012      	RETURN      0
; end of _InitializeSystem
___CC2DW:
;__Lib_System.c,21 :: 		
;__Lib_System.c,23 :: 		
_CC2DL_Loop1:
;__Lib_System.c,24 :: 		
0x032A	0x0009      	TBLRD*+
;__Lib_System.c,25 :: 		
0x032C	0xFFE6CFF5  	MOVFF       TABLAT, POSTINC1
;__Lib_System.c,26 :: 		
0x0330	0x0600      	DECF        R0, 1, 0
;__Lib_System.c,27 :: 		
0x0332	0xE1FB      	BNZ         _CC2DL_Loop1
;__Lib_System.c,28 :: 		
0x0334	0x0601      	DECF        R1, 1, 0
;__Lib_System.c,29 :: 		
0x0336	0xE1F9      	BNZ         _CC2DL_Loop1
;__Lib_System.c,31 :: 		
L_end___CC2DW:
0x0338	0x0012      	RETURN      0
; end of ___CC2DW
_mainMenu:
;menu.c,10 :: 		void mainMenu(void){
;menu.c,11 :: 		while(!backBtnPress()){
L_mainMenu0:
0x033A	0xDFC1      	RCALL       _backBtnPress
0x033C	0x5200      	MOVF        R0, 1 
0x033E	0xE11B      	BNZ         L_mainMenu1
;menu.c,12 :: 		while(!backBtnPress() || !okBtnPress())
L_mainMenu2:
0x0340	0xDFBE      	RCALL       _backBtnPress
0x0342	0x5200      	MOVF        R0, 1 
0x0344	0xE004      	BZ          L__mainMenu11
0x0346	0xDF52      	RCALL       _okBtnPress
0x0348	0x5200      	MOVF        R0, 1 
0x034A	0xE001      	BZ          L__mainMenu11
0x034C	0xD005      	BRA         L_mainMenu3
L__mainMenu11:
;menu.c,13 :: 		showMainMenu(getSelectValue());
0x034E	0xDFAF      	RCALL       _getSelectValue
0x0350	0xF064C000  	MOVFF       R0, FARG_showMainMenu_valueReceive
0x0354	0xDF26      	RCALL       _showMainMenu
0x0356	0xD7F4      	BRA         L_mainMenu2
L_mainMenu3:
;menu.c,15 :: 		if(okBtnPress()){
0x0358	0xDF49      	RCALL       _okBtnPress
0x035A	0x5200      	MOVF        R0, 1 
0x035C	0xE00B      	BZ          L_mainMenu6
;menu.c,16 :: 		cleanBtnOk();
0x035E	0xDF40      	RCALL       _cleanBtnOk
;menu.c,17 :: 		switch(getSelectValue()){
0x0360	0xDFA6      	RCALL       _getSelectValue
0x0362	0xD002      	BRA         L_mainMenu7
;menu.c,18 :: 		case 0:
L_mainMenu9:
;menu.c,19 :: 		break;
0x0364	0xD007      	BRA         L_mainMenu8
;menu.c,20 :: 		case 1:
L_mainMenu10:
;menu.c,21 :: 		break;
0x0366	0xD006      	BRA         L_mainMenu8
;menu.c,22 :: 		}
L_mainMenu7:
0x0368	0x5000      	MOVF        R0, 0 
0x036A	0x0A00      	XORLW       0
0x036C	0xE0FB      	BZ          L_mainMenu9
0x036E	0x5000      	MOVF        R0, 0 
0x0370	0x0A01      	XORLW       1
0x0372	0xE0F9      	BZ          L_mainMenu10
L_mainMenu8:
;menu.c,23 :: 		}
L_mainMenu6:
;menu.c,24 :: 		}
0x0374	0xD7E2      	BRA         L_mainMenu0
L_mainMenu1:
;menu.c,25 :: 		cleanBtnBack();
0x0376	0xDF37      	RCALL       _cleanBtnBack
;menu.c,26 :: 		}
L_end_mainMenu:
0x0378	0x0012      	RETURN      0
; end of _mainMenu
_main:
0x037A	0xF001ECF8  	CALL        1008, 0
;main.c,44 :: 		void main(void){
;main.c,45 :: 		InitializeSystem();
0x037E	0xDFCF      	RCALL       _InitializeSystem
;main.c,47 :: 		while(1){
L_main0:
;main.c,48 :: 		mainMenu();
0x0380	0xDFDC      	RCALL       _mainMenu
;main.c,49 :: 		}
0x0382	0xD7FE      	BRA         L_main0
;main.c,50 :: 		}
L_end_main:
0x0384	0xD7FF      	BRA         $+0
; end of _main
_interrupt_low:
0x0386	0x6E15      	MOVWF       ___Low_saveWREG 
0x0388	0xF016CFD8  	MOVFF       STATUS, ___Low_saveSTATUS
0x038C	0xF017CFE0  	MOVFF       BSR, ___Low_saveBSR
;main.c,52 :: 		void interrupt_low(void){
;main.c,53 :: 		if(TMR0IF_bit){
0x0390	0xA4F2      	BTFSS       TMR0IF_bit, BitPos(TMR0IF_bit+0) 
0x0392	0xD002      	BRA         L_interrupt_low2
;main.c,54 :: 		resetTMR0();
0x0394	0xDF9C      	RCALL       _resetTMR0
;main.c,55 :: 		testButton();
0x0396	0xDFA1      	RCALL       _testButton
;main.c,56 :: 		}
L_interrupt_low2:
;main.c,57 :: 		}
L_end_interrupt_low:
L__interrupt_low6:
0x0398	0x5017      	MOVF        ___Low_saveBSR, 0 
0x039A	0x6EE0      	MOVWF       BSR 
0x039C	0x5016      	MOVF        ___Low_saveSTATUS, 0 
0x039E	0x6ED8      	MOVWF       STATUS 
0x03A0	0x3A15      	SWAPF       ___Low_saveWREG, 1 
0x03A2	0x3815      	SWAPF       ___Low_saveWREG, 0 
0x03A4	0x0010      	RETFIE      0
; end of _interrupt_low
0x03F0	0xF018EE10  	LFSR        1, 24
0x03F4	0x0E49      	MOVLW       73
0x03F6	0x6E00      	MOVWF       R0 
0x03F8	0x0E01      	MOVLW       1
0x03FA	0x6E01      	MOVWF       R1 
0x03FC	0x0EA6      	MOVLW       166
0x03FE	0x6EF6      	MOVWF       4086 
0x0400	0x0E03      	MOVLW       3
0x0402	0x6EF7      	MOVWF       TBLPTRH 
0x0404	0x0E00      	MOVLW       0
0x0406	0x6EF8      	MOVWF       TBLPTRU 
0x0408	0xF001EC95  	CALL        810, 0
0x040C	0x0012      	RETURN      0
;viewMenu.c,0 :: ?ICS?lstr1_viewMenu
0x03A6	0x3E2D ;?ICS?lstr1_viewMenu+0
0x03A8	0x4F4D ;?ICS?lstr1_viewMenu+2
0x03AA	0x544E ;?ICS?lstr1_viewMenu+4
0x03AC	0x4441 ;?ICS?lstr1_viewMenu+6
0x03AE	0x524F ;?ICS?lstr1_viewMenu+8
0x03B0	0x5341 ;?ICS?lstr1_viewMenu+10
0x03B2	0x00 ;?ICS?lstr1_viewMenu+12
; end of ?ICS?lstr1_viewMenu
;viewMenu.c,0 :: ?ICS_montadoras
0x03B3	0x3E2D ;?ICS_montadoras+0
0x03B5	0x4F46 ;?ICS_montadoras+2
0x03B7	0x4452 ;?ICS_montadoras+4
0x03B9	0x0000 ;?ICS_montadoras+6
0x03BB	0x0000 ;?ICS_montadoras+8
0x03BD	0x0000 ;?ICS_montadoras+10
0x03BF	0x0000 ;?ICS_montadoras+12
0x03C1	0x0000 ;?ICS_montadoras+14
0x03C3	0x0000 ;?ICS_montadoras+16
0x03C5	0x0000 ;?ICS_montadoras+18
0x03C7	0x3E2D ;?ICS_montadoras+20
0x03C9	0x4946 ;?ICS_montadoras+22
0x03CB	0x5441 ;?ICS_montadoras+24
0x03CD	0x0000 ;?ICS_montadoras+26
0x03CF	0x0000 ;?ICS_montadoras+28
0x03D1	0x0000 ;?ICS_montadoras+30
0x03D3	0x0000 ;?ICS_montadoras+32
0x03D5	0x0000 ;?ICS_montadoras+34
0x03D7	0x0000 ;?ICS_montadoras+36
0x03D9	0x0000 ;?ICS_montadoras+38
0x03DB	0x3E2D ;?ICS_montadoras+40
0x03DD	0x4D47 ;?ICS_montadoras+42
0x03DF	0x0000 ;?ICS_montadoras+44
0x03E1	0x0000 ;?ICS_montadoras+46
0x03E3	0x0000 ;?ICS_montadoras+48
0x03E5	0x0000 ;?ICS_montadoras+50
0x03E7	0x0000 ;?ICS_montadoras+52
0x03E9	0x0000 ;?ICS_montadoras+54
0x03EB	0x0000 ;?ICS_montadoras+56
0x03ED	0x0000 ;?ICS_montadoras+58
; end of ?ICS_montadoras
Symbol List:
//** Routines locations **
//ADDRESS    SIZE    PROCEDURE
//----------------------------------------------
0x001C      [10]    _Delay_50us
0x0026      [22]    _Delay_5500us
0x003C      [12]    _Delay_1us
0x0048     [126]    _Lcd_Cmd
0x00C6      [14]    _Lcd_Chr_CP
0x00D4      [80]    _Mul_16X16_U
0x0124     [126]    _Lcd_Out
0x01A2      [62]    _showMainMenu
0x01E0       [6]    _cleanBtnOk
0x01E6       [6]    _cleanBtnBack
0x01EC      [16]    _okBtnPress
0x01FC     [152]    _Lcd_Init
0x0294      [26]    _configTMR0
0x02AE       [6]    _getSelectValue
0x02B4      [10]    _configButton
0x02BE      [16]    _backBtnPress
0x02CE      [12]    _resetTMR0
0x02DA      [68]    _testButton
0x031E      [12]    _InitializeSystem
0x032A      [16]    ___CC2DW
0x033A      [64]    _mainMenu
0x037A      [12]    _main
0x0386      [32]    _interrupt_low
//** Variables locations ** 
//ADDRESS    SIZE    VARIABLE
//----------------------------------------------
0x0000       [1]    R0
0x0001       [1]    R1
0x0002       [1]    R2
0x0003       [1]    R3
0x0004       [1]    R4
0x0005       [1]    R5
0x0006       [1]    R6
0x0007       [1]    R7
0x0008       [1]    R8
0x0009       [1]    R9
0x000A       [1]    R10
0x000B       [1]    R11
0x000C       [1]    R12
0x000D       [1]    R13
0x000E       [1]    R14
0x000F       [1]    R15
0x0010       [1]    R16
0x0011       [1]    R17
0x0012       [1]    R18
0x0013       [1]    R19
0x0014       [1]    R20
0x0015       [1]    ___Low_saveWREG
0x0016       [1]    ___Low_saveSTATUS
0x0017       [1]    ___Low_saveBSR
0x0018      [13]    ?lstr1_viewMenu
0x0025      [60]    _montadoras
0x0061       [1]    _valueButton
0x0062       [1]    _flagsButton
0x0063       [0]    __Lib_Lcd_cmd_status
0x0064       [1]    FARG_showMainMenu_valueReceive
0x0065       [1]    FARG_Lcd_Out_row
0x0066       [1]    FARG_Lcd_Out_column
0x0067       [2]    FARG_Lcd_Out_text
0x0069       [1]    Lcd_Out_i_L0
0x006A       [1]    FARG_Lcd_Chr_CP_out_char
0x006B       [1]    FARG_Lcd_Cmd_out_char
0x0F81       [0]    RB4_bit
0x0F81       [0]    buttonOK
0x0F81       [0]    buttonBack
0x0F81       [0]    buttonRight
0x0F81       [0]    buttonLeft
0x0F81       [0]    RB6_bit
0x0F81       [0]    RB5_bit
0x0F81       [0]    RB7_bit
0x0F83       [0]    LCD_D5
0x0F83       [0]    LCD_D6
0x0F83       [0]    LCD_D7
0x0F83       [0]    LCD_RS
0x0F83       [0]    LCD_EN
0x0F83       [0]    LCD_D4
0x0F83       [0]    RD5_bit
0x0F83       [0]    RD2_bit
0x0F83       [0]    RD4_bit
0x0F83       [0]    RD3_bit
0x0F83       [0]    RD1_bit
0x0F83       [0]    RD0_bit
0x0F92       [1]    TRISA
0x0F93       [0]    TRISB7_bit
0x0F93       [0]    TRISB6_bit
0x0F93       [0]    TRIS_buttonBack
0x0F93       [0]    TRIS_buttonOK
0x0F93       [0]    TRIS_buttonRight
0x0F93       [0]    TRIS_buttonLeft
0x0F93       [0]    TRISB5_bit
0x0F93       [1]    TRISB
0x0F93       [0]    TRISB4_bit
0x0F95       [0]    LCD_D4_Direction
0x0F95       [0]    LCD_D5_Direction
0x0F95       [0]    LCD_D6_Direction
0x0F95       [0]    LCD_EN_Direction
0x0F95       [0]    TRISD0_bit
0x0F95       [0]    TRISD1_bit
0x0F95       [0]    LCD_RS_Direction
0x0F95       [0]    TRISD5_bit
0x0F95       [0]    TRISD4_bit
0x0F95       [0]    LCD_D7_Direction
0x0F95       [0]    TRISD2_bit
0x0F95       [0]    TRISD3_bit
0x0FD0       [0]    IPEN_bit
0x0FD5       [1]    T0CON
0x0FD6       [1]    TMR0L
0x0FD7       [1]    TMR0H
0x0FD8       [1]    STATUS
0x0FD9       [1]    FSR2L
0x0FDA       [1]    FSR2H
0x0FDE       [1]    POSTINC2
0x0FE0       [1]    BSR
0x0FE1       [1]    FSR1L
0x0FE2       [1]    FSR1H
0x0FE4       [1]    PREINC1
0x0FE6       [1]    POSTINC1
0x0FE7       [1]    INDF1
0x0FE8       [1]    WREG
0x0FE9       [1]    FSR0L
0x0FEA       [1]    FSR0H
0x0FEE       [1]    POSTINC0
0x0FF2       [0]    TMR0IF_bit
0x0FF2       [0]    GIEL_bit
0x0FF2       [0]    TMR0IE_bit
0x0FF3       [1]    PRODL
0x0FF4       [1]    PRODH
0x0FF5       [1]    TABLAT
0x0FF6       [1]    TBLPTRL
0x0FF7       [1]    TBLPTRH
0x0FF8       [1]    TBLPTRU
//** Constants locations ** 
//ADDRESS    SIZE    CONSTANT
//----------------------------------------------
0x03A6      [13]    ?ICS?lstr1_viewMenu
0x03B3      [60]    ?ICS_montadoras
