0	1	mikroCPIC1618.exe -MSF -DBG -pP18F4550 -GC -DL -O11111114 -fo20 -N"C:\Users\Felipe-HOME\Documents\programas\PIC\menu20x4PIC\library20x4Menu.mcppi" -SP"C:\Users\Felipe-HOME\Documents\Mikroelektronika\mikroC PRO for PIC\Defs\" -SP"C:\Users\Felipe-HOME\Documents\Mikroelektronika\mikroC PRO for PIC\uses\P18\" -SP"C:\Users\Felipe-HOME\Documents\programas\PIC\menu20x4PIC\" -SP"C:\Users\Felipe-HOME\Documents\programas\PIC\menu20x4PIC\src\" -SP"C:\Users\Felipe-HOME\Documents\programas\PIC\menu20x4PIC\src\menu\" -IP"C:\Users\Felipe-HOME\Documents\Mikroelektronika\mikroC PRO for PIC\uses\P18\" -IP"C:\Users\Felipe-HOME\Documents\programas\PIC\menu20x4PIC\" "main.c" "button.c" "menu.c" "viewMenu.c" "dataType.c" "__Lib_Math.mcl" "__Lib_MathDouble.mcl" "__Lib_System.mcl" "__Lib_Delays.mcl" "__Lib_LcdConsts.mcl" "__Lib_Lcd.mcl"	 
hint: 0	1139	Available RAM: 2027 [bytes], Available ROM: 32768 [bytes]	 
diagnostics: 0	122	Compilation Started	stdbool.h
diagnostics: 60	123	Compiled Successfully	main.c
diagnostics: 0	122	Compilation Started	stdbool.h
diagnostics: 148	123	Compiled Successfully	button.c
diagnostics: 0	122	Compilation Started	stdbool.h
diagnostics: 53	123	Compiled Successfully	menu.c
diagnostics: 0	122	Compilation Started	stdbool.h
diagnostics: 41	123	Compiled Successfully	viewMenu.c
diagnostics: 0	122	Compilation Started	datatypeheader.h
diagnostics: 13	123	Compiled Successfully	dataType.c
diagnostics: 0	127	All files Compiled in 484 ms	 
hint: 0	1144	Used RAM (bytes): 151 (7%)  Free RAM (bytes): 1876 (93%)	Used RAM (bytes): 151 (7%)  Free RAM (bytes): 1876 (93%)
hint: 0	1144	Used ROM (bytes): 1702 (5%)  Free ROM (bytes): 31066 (95%)	Used ROM (bytes): 1702 (5%)  Free ROM (bytes): 31066 (95%)
diagnostics: 0	125	Project Linked Successfully	library20x4Menu.mcppi
hint: 0	1004	COFF file successfully generated	COFF file successfully generated
diagnostics: 0	128	Linked in 594 ms	 
diagnostics: 0	129	Project 'library20x4Menu.mcppi' completed: 1109 ms	 
diagnostics: 0	103	Finished successfully: 08 mai 2021, 17:50:23	library20x4Menu.mcppi
